  [1m[35m (17.8ms)[0m  [1m[35mCREATE TABLE "schema_migrations" ("version" character varying PRIMARY KEY)[0m
  [1m[35m (5.1ms)[0m  [1m[35mCREATE TABLE "ar_internal_metadata" ("key" character varying PRIMARY KEY, "value" character varying, "created_at" timestamp NOT NULL, "updated_at" timestamp NOT NULL)[0m
  [1m[35m (0.8ms)[0m  [1m[34mSELECT pg_try_advisory_lock(39378466395369675);[0m
  [1m[36mActiveRecord::SchemaMigration Load (0.5ms)[0m  [1m[34mSELECT "schema_migrations".* FROM "schema_migrations"[0m
Migrating to CreatePeople (20170111185448)
  [1m[35m (0.2ms)[0m  [1m[35mBEGIN[0m
  [1m[35m (4.7ms)[0m  [1m[35mCREATE TABLE "people" ("id" serial primary key, "first_name" character varying, "last_name" character varying, "email" character varying, "admin" boolean, "slug" character varying, "validated" boolean, "handle" character varying, "team" character varying, "created_at" timestamp NOT NULL, "updated_at" timestamp NOT NULL)[0m
  [1m[35mSQL (0.5ms)[0m  [1m[32mINSERT INTO "schema_migrations" ("version") VALUES ($1) RETURNING "version"[0m  [["version", "20170111185448"]]
  [1m[35m (0.5ms)[0m  [1m[35mCOMMIT[0m
  [1m[36mActiveRecord::InternalMetadata Load (0.8ms)[0m  [1m[34mSELECT  "ar_internal_metadata".* FROM "ar_internal_metadata" WHERE "ar_internal_metadata"."key" = $1 LIMIT $2[0m  [["key", :environment], ["LIMIT", 1]]
  [1m[35m (0.2ms)[0m  [1m[35mBEGIN[0m
  [1m[35mSQL (0.5ms)[0m  [1m[32mINSERT INTO "ar_internal_metadata" ("key", "value", "created_at", "updated_at") VALUES ($1, $2, $3, $4) RETURNING "key"[0m  [["key", "environment"], ["value", "development"], ["created_at", 2017-01-11 20:33:49 UTC], ["updated_at", 2017-01-11 20:33:49 UTC]]
  [1m[35m (0.4ms)[0m  [1m[35mCOMMIT[0m
  [1m[35m (0.3ms)[0m  [1m[34mSELECT pg_advisory_unlock(39378466395369675)[0m
  [1m[36mActiveRecord::SchemaMigration Load (0.2ms)[0m  [1m[34mSELECT "schema_migrations".* FROM "schema_migrations"[0m
  [1m[36mActiveRecord::SchemaMigration Load (0.7ms)[0m  [1m[34mSELECT "schema_migrations".* FROM "schema_migrations"[0m
  [1m[35m (0.2ms)[0m  [1m[35mBEGIN[0m
  [1m[35mSQL (1.6ms)[0m  [1m[32mINSERT INTO "people" ("first_name", "last_name", "email", "admin", "slug", "validated", "handle", "team", "created_at", "updated_at") VALUES ($1, $2, $3, $4, $5, $6, $7, $8, $9, $10) RETURNING "id"[0m  [["first_name", "Heber"], ["last_name", "Conn"], ["email", "viviane@moen.co.uk"], ["admin", true], ["slug", "cum-enim"], ["validated", false], ["handle", "abe.casper"], ["team", "Zieme, Lakin and Swaniawski"], ["created_at", 2017-01-11 20:36:21 UTC], ["updated_at", 2017-01-11 20:36:21 UTC]]
  [1m[35m (0.4ms)[0m  [1m[35mCOMMIT[0m
  [1m[35m (0.1ms)[0m  [1m[35mBEGIN[0m
  [1m[35mSQL (0.3ms)[0m  [1m[32mINSERT INTO "people" ("first_name", "last_name", "email", "admin", "slug", "validated", "handle", "team", "created_at", "updated_at") VALUES ($1, $2, $3, $4, $5, $6, $7, $8, $9, $10) RETURNING "id"[0m  [["first_name", "Kira"], ["last_name", "Stark"], ["email", "rosario.friesen@schinner.co.uk"], ["admin", true], ["slug", "ea_ratione"], ["validated", false], ["handle", "durward_howell"], ["team", "Rosenbaum-Rohan"], ["created_at", 2017-01-11 20:36:21 UTC], ["updated_at", 2017-01-11 20:36:21 UTC]]
  [1m[35m (0.4ms)[0m  [1m[35mCOMMIT[0m
  [1m[35m (0.1ms)[0m  [1m[35mBEGIN[0m
  [1m[35mSQL (0.3ms)[0m  [1m[32mINSERT INTO "people" ("first_name", "last_name", "email", "admin", "slug", "validated", "handle", "team", "created_at", "updated_at") VALUES ($1, $2, $3, $4, $5, $6, $7, $8, $9, $10) RETURNING "id"[0m  [["first_name", "Dayna"], ["last_name", "Jacobi"], ["email", "melba.streich@torpboyer.us"], ["admin", true], ["slug", "non_quisquam"], ["validated", true], ["handle", "mariela"], ["team", "Goodwin and Sons"], ["created_at", 2017-01-11 20:36:21 UTC], ["updated_at", 2017-01-11 20:36:21 UTC]]
  [1m[35m (0.4ms)[0m  [1m[35mCOMMIT[0m
  [1m[35m (0.1ms)[0m  [1m[35mBEGIN[0m
  [1m[35mSQL (0.3ms)[0m  [1m[32mINSERT INTO "people" ("first_name", "last_name", "email", "admin", "slug", "validated", "handle", "team", "created_at", "updated_at") VALUES ($1, $2, $3, $4, $5, $6, $7, $8, $9, $10) RETURNING "id"[0m  [["first_name", "Nora"], ["last_name", "Bednar"], ["email", "mary@nitzsche.co.uk"], ["admin", true], ["slug", "quo-laboriosam"], ["validated", true], ["handle", "lucy.schmidt"], ["team", "Johns, Farrell and Little"], ["created_at", 2017-01-11 20:36:21 UTC], ["updated_at", 2017-01-11 20:36:21 UTC]]
  [1m[35m (0.3ms)[0m  [1m[35mCOMMIT[0m
  [1m[35m (0.1ms)[0m  [1m[35mBEGIN[0m
  [1m[35mSQL (0.3ms)[0m  [1m[32mINSERT INTO "people" ("first_name", "last_name", "email", "admin", "slug", "validated", "handle", "team", "created_at", "updated_at") VALUES ($1, $2, $3, $4, $5, $6, $7, $8, $9, $10) RETURNING "id"[0m  [["first_name", "Ayden"], ["last_name", "Ratke"], ["email", "cindy.hagenes@bartell.info"], ["admin", true], ["slug", "nesciunt.laudantium"], ["validated", true], ["handle", "fae_treutel"], ["team", "Douglas, Fahey and Stracke"], ["created_at", 2017-01-11 20:36:21 UTC], ["updated_at", 2017-01-11 20:36:21 UTC]]
  [1m[35m (0.4ms)[0m  [1m[35mCOMMIT[0m
  [1m[35m (0.1ms)[0m  [1m[35mBEGIN[0m
  [1m[35mSQL (0.3ms)[0m  [1m[32mINSERT INTO "people" ("first_name", "last_name", "email", "admin", "slug", "validated", "handle", "team", "created_at", "updated_at") VALUES ($1, $2, $3, $4, $5, $6, $7, $8, $9, $10) RETURNING "id"[0m  [["first_name", "Mariam"], ["last_name", "Schneider"], ["email", "fanny@lowe.info"], ["admin", true], ["slug", "fugiat.eos"], ["validated", false], ["handle", "noah"], ["team", "Cummings LLC"], ["created_at", 2017-01-11 20:36:21 UTC], ["updated_at", 2017-01-11 20:36:21 UTC]]
  [1m[35m (0.3ms)[0m  [1m[35mCOMMIT[0m
  [1m[35m (0.1ms)[0m  [1m[35mBEGIN[0m
  [1m[35mSQL (0.3ms)[0m  [1m[32mINSERT INTO "people" ("first_name", "last_name", "email", "admin", "slug", "validated", "handle", "team", "created_at", "updated_at") VALUES ($1, $2, $3, $4, $5, $6, $7, $8, $9, $10) RETURNING "id"[0m  [["first_name", "Robbie"], ["last_name", "Maggio"], ["email", "jean@ryan.name"], ["admin", true], ["slug", "eius.similique"], ["validated", true], ["handle", "amya.baumbach"], ["team", "Abernathy Inc"], ["created_at", 2017-01-11 20:36:21 UTC], ["updated_at", 2017-01-11 20:36:21 UTC]]
  [1m[35m (0.4ms)[0m  [1m[35mCOMMIT[0m
  [1m[35m (0.1ms)[0m  [1m[35mBEGIN[0m
  [1m[35mSQL (0.3ms)[0m  [1m[32mINSERT INTO "people" ("first_name", "last_name", "email", "admin", "slug", "validated", "handle", "team", "created_at", "updated_at") VALUES ($1, $2, $3, $4, $5, $6, $7, $8, $9, $10) RETURNING "id"[0m  [["first_name", "Jayde"], ["last_name", "Maggio"], ["email", "mayra@grady.co.uk"], ["admin", true], ["slug", "soluta-eum"], ["validated", true], ["handle", "jackson"], ["team", "Daniel Inc"], ["created_at", 2017-01-11 20:36:21 UTC], ["updated_at", 2017-01-11 20:36:21 UTC]]
  [1m[35m (0.4ms)[0m  [1m[35mCOMMIT[0m
  [1m[35m (0.1ms)[0m  [1m[35mBEGIN[0m
  [1m[35mSQL (0.3ms)[0m  [1m[32mINSERT INTO "people" ("first_name", "last_name", "email", "admin", "slug", "validated", "handle", "team", "created_at", "updated_at") VALUES ($1, $2, $3, $4, $5, $6, $7, $8, $9, $10) RETURNING "id"[0m  [["first_name", "Jody"], ["last_name", "Funk"], ["email", "wilma@gleason.us"], ["admin", true], ["slug", "facere.explicabo"], ["validated", true], ["handle", "nils_ferry"], ["team", "Schamberger, D'Amore and Rutherford"], ["created_at", 2017-01-11 20:36:21 UTC], ["updated_at", 2017-01-11 20:36:21 UTC]]
  [1m[35m (0.3ms)[0m  [1m[35mCOMMIT[0m
  [1m[35m (0.1ms)[0m  [1m[35mBEGIN[0m
  [1m[35mSQL (0.3ms)[0m  [1m[32mINSERT INTO "people" ("first_name", "last_name", "email", "admin", "slug", "validated", "handle", "team", "created_at", "updated_at") VALUES ($1, $2, $3, $4, $5, $6, $7, $8, $9, $10) RETURNING "id"[0m  [["first_name", "Sammie"], ["last_name", "Daniel"], ["email", "ophelia.heathcote@kuhn.us"], ["admin", true], ["slug", "voluptatem.aut"], ["validated", true], ["handle", "eulah"], ["team", "Balistreri-McCullough"], ["created_at", 2017-01-11 20:36:21 UTC], ["updated_at", 2017-01-11 20:36:21 UTC]]
  [1m[35m (0.3ms)[0m  [1m[35mCOMMIT[0m
  [1m[36mActiveRecord::SchemaMigration Load (0.6ms)[0m  [1m[34mSELECT "schema_migrations".* FROM "schema_migrations"[0m
  [1m[35m (0.2ms)[0m  [1m[35mBEGIN[0m
  [1m[35mSQL (0.7ms)[0m  [1m[32mINSERT INTO "people" ("first_name", "last_name", "email", "admin", "slug", "validated", "handle", "team", "created_at", "updated_at") VALUES ($1, $2, $3, $4, $5, $6, $7, $8, $9, $10) RETURNING "id"[0m  [["first_name", "Lonny"], ["last_name", "Baumbach"], ["email", "dennis_hickle@strosinsporer.ca"], ["admin", true], ["slug", "consequatur-nam"], ["validated", true], ["handle", "claud"], ["team", "Lesch and Sons"], ["created_at", 2017-01-11 20:37:21 UTC], ["updated_at", 2017-01-11 20:37:21 UTC]]
  [1m[35m (2.1ms)[0m  [1m[35mCOMMIT[0m
  [1m[35m (0.3ms)[0m  [1m[35mBEGIN[0m
  [1m[35mSQL (0.4ms)[0m  [1m[32mINSERT INTO "people" ("first_name", "last_name", "email", "admin", "slug", "validated", "handle", "team", "created_at", "updated_at") VALUES ($1, $2, $3, $4, $5, $6, $7, $8, $9, $10) RETURNING "id"[0m  [["first_name", "Liliane"], ["last_name", "Mraz"], ["email", "herminio@kulasbins.ca"], ["admin", false], ["slug", "provident_earum"], ["validated", false], ["handle", "destini.kreiger"], ["team", "Wehner Group"], ["created_at", 2017-01-11 20:37:21 UTC], ["updated_at", 2017-01-11 20:37:21 UTC]]
  [1m[35m (0.4ms)[0m  [1m[35mCOMMIT[0m
  [1m[35m (0.1ms)[0m  [1m[35mBEGIN[0m
  [1m[35mSQL (0.3ms)[0m  [1m[32mINSERT INTO "people" ("first_name", "last_name", "email", "admin", "slug", "validated", "handle", "team", "created_at", "updated_at") VALUES ($1, $2, $3, $4, $5, $6, $7, $8, $9, $10) RETURNING "id"[0m  [["first_name", "Ottis"], ["last_name", "Ernser"], ["email", "brandy.mante@lehner.biz"], ["admin", true], ["slug", "eos_vel"], ["validated", false], ["handle", "ulises"], ["team", "Kozey-Murray"], ["created_at", 2017-01-11 20:37:21 UTC], ["updated_at", 2017-01-11 20:37:21 UTC]]
  [1m[35m (0.4ms)[0m  [1m[35mCOMMIT[0m
  [1m[35m (0.1ms)[0m  [1m[35mBEGIN[0m
  [1m[35mSQL (0.3ms)[0m  [1m[32mINSERT INTO "people" ("first_name", "last_name", "email", "admin", "slug", "validated", "handle", "team", "created_at", "updated_at") VALUES ($1, $2, $3, $4, $5, $6, $7, $8, $9, $10) RETURNING "id"[0m  [["first_name", "Oliver"], ["last_name", "Gorczany"], ["email", "bertram@labadie.co.uk"], ["admin", true], ["slug", "adipisci_ea"], ["validated", false], ["handle", "donna"], ["team", "Morissette Inc"], ["created_at", 2017-01-11 20:37:21 UTC], ["updated_at", 2017-01-11 20:37:21 UTC]]
  [1m[35m (0.4ms)[0m  [1m[35mCOMMIT[0m
  [1m[35m (0.1ms)[0m  [1m[35mBEGIN[0m
  [1m[35mSQL (0.3ms)[0m  [1m[32mINSERT INTO "people" ("first_name", "last_name", "email", "admin", "slug", "validated", "handle", "team", "created_at", "updated_at") VALUES ($1, $2, $3, $4, $5, $6, $7, $8, $9, $10) RETURNING "id"[0m  [["first_name", "Foster"], ["last_name", "Douglas"], ["email", "amy@schuppe.biz"], ["admin", true], ["slug", "laborum_et"], ["validated", false], ["handle", "kelsi.stehr"], ["team", "Cole, Little and Ernser"], ["created_at", 2017-01-11 20:37:21 UTC], ["updated_at", 2017-01-11 20:37:21 UTC]]
  [1m[35m (0.4ms)[0m  [1m[35mCOMMIT[0m
  [1m[35m (0.1ms)[0m  [1m[35mBEGIN[0m
  [1m[35mSQL (0.3ms)[0m  [1m[32mINSERT INTO "people" ("first_name", "last_name", "email", "admin", "slug", "validated", "handle", "team", "created_at", "updated_at") VALUES ($1, $2, $3, $4, $5, $6, $7, $8, $9, $10) RETURNING "id"[0m  [["first_name", "Carmelo"], ["last_name", "Kuhlman"], ["email", "amelia_dickinson@johnson.ca"], ["admin", true], ["slug", "dolor.rerum"], ["validated", false], ["handle", "maxwell_blanda"], ["team", "Abernathy and Sons"], ["created_at", 2017-01-11 20:37:21 UTC], ["updated_at", 2017-01-11 20:37:21 UTC]]
  [1m[35m (0.4ms)[0m  [1m[35mCOMMIT[0m
  [1m[35m (0.1ms)[0m  [1m[35mBEGIN[0m
  [1m[35mSQL (0.3ms)[0m  [1m[32mINSERT INTO "people" ("first_name", "last_name", "email", "admin", "slug", "validated", "handle", "team", "created_at", "updated_at") VALUES ($1, $2, $3, $4, $5, $6, $7, $8, $9, $10) RETURNING "id"[0m  [["first_name", "Bridget"], ["last_name", "Braun"], ["email", "clementina@hammes.biz"], ["admin", false], ["slug", "magnam-in"], ["validated", false], ["handle", "leila_bins"], ["team", "Hahn, Auer and Kautzer"], ["created_at", 2017-01-11 20:37:21 UTC], ["updated_at", 2017-01-11 20:37:21 UTC]]
  [1m[35m (0.4ms)[0m  [1m[35mCOMMIT[0m
  [1m[35m (0.1ms)[0m  [1m[35mBEGIN[0m
  [1m[35mSQL (0.3ms)[0m  [1m[32mINSERT INTO "people" ("first_name", "last_name", "email", "admin", "slug", "validated", "handle", "team", "created_at", "updated_at") VALUES ($1, $2, $3, $4, $5, $6, $7, $8, $9, $10) RETURNING "id"[0m  [["first_name", "Isai"], ["last_name", "Greenholt"], ["email", "christy@roberts.biz"], ["admin", false], ["slug", "id.quaerat"], ["validated", true], ["handle", "evans"], ["team", "Lebsack-Hills"], ["created_at", 2017-01-11 20:37:21 UTC], ["updated_at", 2017-01-11 20:37:21 UTC]]
  [1m[35m (0.4ms)[0m  [1m[35mCOMMIT[0m
  [1m[35m (0.1ms)[0m  [1m[35mBEGIN[0m
  [1m[35mSQL (0.3ms)[0m  [1m[32mINSERT INTO "people" ("first_name", "last_name", "email", "admin", "slug", "validated", "handle", "team", "created_at", "updated_at") VALUES ($1, $2, $3, $4, $5, $6, $7, $8, $9, $10) RETURNING "id"[0m  [["first_name", "Delaney"], ["last_name", "Balistreri"], ["email", "mekhi_kuhlman@crist.com"], ["admin", true], ["slug", "culpa_deleniti"], ["validated", true], ["handle", "marge.stracke"], ["team", "Heidenreich, Stoltenberg and Becker"], ["created_at", 2017-01-11 20:37:21 UTC], ["updated_at", 2017-01-11 20:37:21 UTC]]
  [1m[35m (0.4ms)[0m  [1m[35mCOMMIT[0m
  [1m[35m (0.1ms)[0m  [1m[35mBEGIN[0m
  [1m[35mSQL (0.3ms)[0m  [1m[32mINSERT INTO "people" ("first_name", "last_name", "email", "admin", "slug", "validated", "handle", "team", "created_at", "updated_at") VALUES ($1, $2, $3, $4, $5, $6, $7, $8, $9, $10) RETURNING "id"[0m  [["first_name", "Diamond"], ["last_name", "Metz"], ["email", "jovani_rowe@mcculloughwolf.ca"], ["admin", true], ["slug", "mollitia.odio"], ["validated", true], ["handle", "mandy.roberts"], ["team", "Champlin LLC"], ["created_at", 2017-01-11 20:37:21 UTC], ["updated_at", 2017-01-11 20:37:21 UTC]]
  [1m[35m (0.4ms)[0m  [1m[35mCOMMIT[0m
Started GET "/" for ::1 at 2017-01-11 15:38:50 -0500
  [1m[36mActiveRecord::SchemaMigration Load (0.6ms)[0m  [1m[34mSELECT "schema_migrations".* FROM "schema_migrations"[0m
Processing by HomeController#index as HTML
  Rendering home/index.html.erb within layouts/application
  Rendered home/index.html.erb within layouts/application (881.9ms)
  Rendered layouts/partials/_navigation.html.erb (0.4ms)
  Rendered layouts/partials/_messages.html.erb (210.2ms)
Completed 500 Internal Server Error in 13393ms (ActiveRecord: 0.0ms)


  
ActionView::Template::Error (undefined local variable or method `resource' for #<#<Class:0x007fc3edb86cb8>:0x007fc3edbdd838>):
     7: <% end %>
     8: 
     9: 
    10: <% if devise_error_messages! %>
    11:   <%= devise_error_messages! %>
    12: <% end %>
  
app/helpers/devise_helper.rb:22:in `devise_error_messages?'
app/helpers/devise_helper.rb:3:in `devise_error_messages!'
app/views/layouts/partials/_messages.html.erb:10:in `_app_views_layouts_partials__messages_html_erb___4058235050451939462_70239800823060'
app/views/layouts/application.html.erb:13:in `_app_views_layouts_application_html_erb___3831309851993476736_70239742357040'
app/controllers/home_controller.rb:3:in `index'
  Rendering /Users/rutul/.rvm/gems/ruby-2.2.3/gems/actionpack-5.0.1/lib/action_dispatch/middleware/templates/rescues/template_error.html.erb within rescues/layout
  Rendering /Users/rutul/.rvm/gems/ruby-2.2.3/gems/actionpack-5.0.1/lib/action_dispatch/middleware/templates/rescues/_source.html.erb
  Rendered /Users/rutul/.rvm/gems/ruby-2.2.3/gems/actionpack-5.0.1/lib/action_dispatch/middleware/templates/rescues/_source.html.erb (19.2ms)
  Rendering /Users/rutul/.rvm/gems/ruby-2.2.3/gems/actionpack-5.0.1/lib/action_dispatch/middleware/templates/rescues/_trace.html.erb
  Rendered /Users/rutul/.rvm/gems/ruby-2.2.3/gems/actionpack-5.0.1/lib/action_dispatch/middleware/templates/rescues/_trace.html.erb (4.1ms)
  Rendering /Users/rutul/.rvm/gems/ruby-2.2.3/gems/actionpack-5.0.1/lib/action_dispatch/middleware/templates/rescues/_request_and_response.html.erb
  Rendered /Users/rutul/.rvm/gems/ruby-2.2.3/gems/actionpack-5.0.1/lib/action_dispatch/middleware/templates/rescues/_request_and_response.html.erb (1.8ms)
  Rendered /Users/rutul/.rvm/gems/ruby-2.2.3/gems/actionpack-5.0.1/lib/action_dispatch/middleware/templates/rescues/template_error.html.erb within rescues/layout (154.7ms)
Started GET "/" for ::1 at 2017-01-11 15:39:40 -0500
Processing by HomeController#index as HTML
  Rendering home/index.html.erb within layouts/application
  Rendered home/index.html.erb within layouts/application (1.3ms)
  Rendered layouts/partials/_navigation.html.erb (0.6ms)
  Rendered layouts/partials/_messages.html.erb (88.3ms)
Completed 500 Internal Server Error in 159ms (ActiveRecord: 0.0ms)


  
ActionView::Template::Error (undefined local variable or method `resource' for #<#<Class:0x007fc3edb86cb8>:0x007fc3f4ea4740>):
     7: <% end %>
     8: 
     9: 
    10: <% if devise_error_messages! %>
    11:   <%= devise_error_messages! %>
    12: <% end %>
  
app/helpers/devise_helper.rb:22:in `devise_error_messages?'
app/helpers/devise_helper.rb:3:in `devise_error_messages!'
app/views/layouts/partials/_messages.html.erb:10:in `_app_views_layouts_partials__messages_html_erb___4058235050451939462_70239757484440'
app/views/layouts/application.html.erb:13:in `_app_views_layouts_application_html_erb___3831309851993476736_70239813276500'
app/controllers/home_controller.rb:3:in `index'
  Rendering /Users/rutul/.rvm/gems/ruby-2.2.3/gems/actionpack-5.0.1/lib/action_dispatch/middleware/templates/rescues/template_error.html.erb within rescues/layout
  Rendering /Users/rutul/.rvm/gems/ruby-2.2.3/gems/actionpack-5.0.1/lib/action_dispatch/middleware/templates/rescues/_source.html.erb
  Rendered /Users/rutul/.rvm/gems/ruby-2.2.3/gems/actionpack-5.0.1/lib/action_dispatch/middleware/templates/rescues/_source.html.erb (11.5ms)
  Rendering /Users/rutul/.rvm/gems/ruby-2.2.3/gems/actionpack-5.0.1/lib/action_dispatch/middleware/templates/rescues/_trace.html.erb
  Rendered /Users/rutul/.rvm/gems/ruby-2.2.3/gems/actionpack-5.0.1/lib/action_dispatch/middleware/templates/rescues/_trace.html.erb (5.8ms)
  Rendering /Users/rutul/.rvm/gems/ruby-2.2.3/gems/actionpack-5.0.1/lib/action_dispatch/middleware/templates/rescues/_request_and_response.html.erb
  Rendered /Users/rutul/.rvm/gems/ruby-2.2.3/gems/actionpack-5.0.1/lib/action_dispatch/middleware/templates/rescues/_request_and_response.html.erb (1.8ms)
  Rendered /Users/rutul/.rvm/gems/ruby-2.2.3/gems/actionpack-5.0.1/lib/action_dispatch/middleware/templates/rescues/template_error.html.erb within rescues/layout (82.9ms)
  [1m[35m (0.6ms)[0m  [1m[34mSELECT COUNT(*) FROM "people"[0m
  [1m[36mPerson Load (0.4ms)[0m  [1m[34mSELECT  "people".* FROM "people" ORDER BY "people"."id" ASC LIMIT $1[0m  [["LIMIT", 1]]
Started GET "/" for ::1 at 2017-01-11 15:41:45 -0500
  [1m[36mActiveRecord::SchemaMigration Load (1.1ms)[0m  [1m[34mSELECT "schema_migrations".* FROM "schema_migrations"[0m
Processing by HomeController#index as HTML
  Rendering home/index.html.erb within layouts/application
  Rendered home/index.html.erb within layouts/application (523.0ms)
  Rendered layouts/partials/_navigation.html.erb (0.4ms)
  Rendered layouts/partials/_messages.html.erb (104.1ms)
Completed 500 Internal Server Error in 1245ms (ActiveRecord: 0.0ms)


  
ActionView::Template::Error (undefined local variable or method `resource' for #<#<Class:0x007fa7994d0678>:0x007fa799532850>):
     7: <% end %>
     8: 
     9: <!--
    10: <% if devise_error_messages! %>
    11:   <%= devise_error_messages! %>
    12: <% end %> -->
  
app/helpers/devise_helper.rb:22:in `devise_error_messages?'
app/helpers/devise_helper.rb:3:in `devise_error_messages!'
app/views/layouts/partials/_messages.html.erb:10:in `_app_views_layouts_partials__messages_html_erb___2929975234665716697_70178952006080'
app/views/layouts/application.html.erb:13:in `_app_views_layouts_application_html_erb___1448681635627471922_70178904638400'
app/controllers/home_controller.rb:3:in `index'
  Rendering /Users/rutul/.rvm/gems/ruby-2.2.3/gems/actionpack-5.0.1/lib/action_dispatch/middleware/templates/rescues/template_error.html.erb within rescues/layout
  Rendering /Users/rutul/.rvm/gems/ruby-2.2.3/gems/actionpack-5.0.1/lib/action_dispatch/middleware/templates/rescues/_source.html.erb
  Rendered /Users/rutul/.rvm/gems/ruby-2.2.3/gems/actionpack-5.0.1/lib/action_dispatch/middleware/templates/rescues/_source.html.erb (20.0ms)
  Rendering /Users/rutul/.rvm/gems/ruby-2.2.3/gems/actionpack-5.0.1/lib/action_dispatch/middleware/templates/rescues/_trace.html.erb
  Rendered /Users/rutul/.rvm/gems/ruby-2.2.3/gems/actionpack-5.0.1/lib/action_dispatch/middleware/templates/rescues/_trace.html.erb (5.4ms)
  Rendering /Users/rutul/.rvm/gems/ruby-2.2.3/gems/actionpack-5.0.1/lib/action_dispatch/middleware/templates/rescues/_request_and_response.html.erb
  Rendered /Users/rutul/.rvm/gems/ruby-2.2.3/gems/actionpack-5.0.1/lib/action_dispatch/middleware/templates/rescues/_request_and_response.html.erb (1.9ms)
  Rendered /Users/rutul/.rvm/gems/ruby-2.2.3/gems/actionpack-5.0.1/lib/action_dispatch/middleware/templates/rescues/template_error.html.erb within rescues/layout (102.5ms)
Started GET "/" for ::1 at 2017-01-11 15:42:03 -0500
Processing by HomeController#index as HTML
  Rendering home/index.html.erb within layouts/application
  Rendered home/index.html.erb within layouts/application (1.4ms)
  Rendered layouts/partials/_navigation.html.erb (0.6ms)
  Rendered layouts/partials/_messages.html.erb (1.3ms)
Completed 200 OK in 96ms (Views: 95.3ms | ActiveRecord: 0.0ms)


Started GET "/" for ::1 at 2017-01-11 15:43:47 -0500
  [1m[36mActiveRecord::SchemaMigration Load (0.8ms)[0m  [1m[34mSELECT "schema_migrations".* FROM "schema_migrations"[0m
Processing by HomeController#index as HTML
  Rendering home/index.html.erb within layouts/application
  Rendered home/index.html.erb within layouts/application (515.6ms)
  Rendered layouts/partials/_navigation.html.erb (0.6ms)
  Rendered layouts/partials/_messages.html.erb (1.0ms)
Completed 200 OK in 1176ms (Views: 1175.1ms | ActiveRecord: 0.0ms)


Started GET "/" for ::1 at 2017-01-12 00:17:46 -0500
  [1m[36mActiveRecord::SchemaMigration Load (1.1ms)[0m  [1m[34mSELECT "schema_migrations".* FROM "schema_migrations"[0m
Processing by HomeController#index as HTML
  Rendering home/index.html.erb within layouts/application
  Rendered home/index.html.erb within layouts/application (1033.5ms)
  Rendered layouts/partials/_navigation.html.erb (1.4ms)
  Rendered layouts/partials/_messages.html.erb (1.6ms)
Completed 200 OK in 7011ms (Views: 7010.6ms | ActiveRecord: 0.0ms)


Started GET "/" for ::1 at 2017-01-12 15:56:03 -0500
  [1m[36mActiveRecord::SchemaMigration Load (2.1ms)[0m  [1m[34mSELECT "schema_migrations".* FROM "schema_migrations"[0m
Processing by HomeController#index as HTML
  Rendering home/index.html.erb within layouts/application
  Rendered home/index.html.erb within layouts/application (956.5ms)
  Rendered layouts/partials/_navigation.html.erb (0.5ms)
  Rendered layouts/partials/_messages.html.erb (0.9ms)
Completed 200 OK in 11985ms (Views: 11984.8ms | ActiveRecord: 0.0ms)


